<?xml version="1.0" encoding="UTF-8"?>
<!-- Generated by org.testng.reporters.JUnitReportReporter -->
<testsuite skipped="0" hostname="USHYDRGAJUL5" name="com.test.DockerPOC.ChromeTest" tests="3" failures="0" timestamp="24 Jun 2019 14:48:20 GMT" time="40.824" errors="0">
  <testcase name="ChromeTest2" time="11.010" classname="com.test.DockerPOC.ChromeTest"/>
  <testcase name="ChromeTest1" time="8.538" classname="com.test.DockerPOC.ChromeTest"/>
  <testcase name="ChromeTest3" time="21.276" classname="com.test.DockerPOC.ChromeTest"/>
</testsuite> <!-- com.test.DockerPOC.ChromeTest -->
