<?xml version="1.0" encoding="UTF-8"?>
<!-- Generated by org.testng.reporters.JUnitReportReporter -->
<testsuite skipped="0" hostname="USHYDRGAJUL5" name="com.test.DockerPOC.ChromeTest" tests="3" failures="0" timestamp="24 Jun 2019 11:00:56 GMT" time="30.358" errors="0">
  <testcase name="ChromeTest2" time="7.511" classname="com.test.DockerPOC.ChromeTest"/>
  <testcase name="ChromeTest1" time="5.497" classname="com.test.DockerPOC.ChromeTest"/>
  <testcase name="ChromeTest3" time="17.350" classname="com.test.DockerPOC.ChromeTest"/>
</testsuite> <!-- com.test.DockerPOC.ChromeTest -->
