<?xml version="1.0" encoding="UTF-8"?>
<!-- Generated by org.testng.reporters.JUnitReportReporter -->
<testsuite skipped="0" hostname="USHYDRGAJUL5" name="com.test.DockerPOC.FileHelper" tests="1" failures="0" timestamp="24 Jun 2019 07:59:32 GMT" time="33.207" errors="0">
  <testcase name="RunDockerBatchFile" time="33.207" classname="com.test.DockerPOC.FileHelper"/>
</testsuite> <!-- com.test.DockerPOC.FileHelper -->
