<?xml version="1.0" encoding="UTF-8"?>
<!-- Generated by org.testng.reporters.JUnitReportReporter -->
<testsuite skipped="0" hostname="USHYDRGAJUL5" name="com.test.DockerPOC.ChromeTest" tests="3" failures="0" timestamp="24 Jun 2019 11:02:58 GMT" time="32.204" errors="0">
  <testcase name="ChromeTest2" time="8.423" classname="com.test.DockerPOC.ChromeTest"/>
  <testcase name="ChromeTest3" time="17.108" classname="com.test.DockerPOC.ChromeTest"/>
  <testcase name="ChromeTest1" time="6.673" classname="com.test.DockerPOC.ChromeTest"/>
</testsuite> <!-- com.test.DockerPOC.ChromeTest -->
