<?xml version="1.0" encoding="UTF-8"?>
<!-- Generated by org.testng.reporters.JUnitReportReporter -->
<testsuite skipped="0" hostname="USHYDRGAJUL5" name="com.test.DockerPOC.ChromeTest" tests="4" failures="0" timestamp="25 Jun 2019 11:47:51 GMT" time="189.180" errors="0">
  <testcase name="ChromeTest3" time="91.895" classname="com.test.DockerPOC.ChromeTest"/>
  <testcase name="FireFoxTest1" time="49.008" classname="com.test.DockerPOC.ChromeTest"/>
  <testcase name="ChromeTest1" time="22.222" classname="com.test.DockerPOC.ChromeTest"/>
  <testcase name="ChromeTest2" time="26.055" classname="com.test.DockerPOC.ChromeTest"/>
</testsuite> <!-- com.test.DockerPOC.ChromeTest -->
