<?xml version="1.0" encoding="UTF-8"?>
<!-- Generated by org.testng.reporters.JUnitReportReporter -->
<testsuite skipped="0" hostname="USHYDRGAJUL5" name="com.test.DockerPOC.ChromeTest" tests="3" failures="0" timestamp="25 Jun 2019 12:50:19 GMT" time="42.381" errors="0">
  <testcase name="ChromeTest3" time="21.892" classname="com.test.DockerPOC.ChromeTest"/>
  <testcase name="ChromeTest2" time="11.380" classname="com.test.DockerPOC.ChromeTest"/>
  <testcase name="ChromeTest1" time="9.109" classname="com.test.DockerPOC.ChromeTest"/>
</testsuite> <!-- com.test.DockerPOC.ChromeTest -->
